<?xml version="1.0" encoding="UTF-8"?>
<!-- Generated by org.testng.reporters.JUnitReportReporter -->
<testsuite skipped="0" hostname="CAPTAINVJ" name="com.googledrive.tests.GoogleDriveTest" tests="1" failures="0" timestamp="29 Sep 2020 15:12:17 GMT" time="29.409" errors="0">
  <testcase name="GDriveTest" time="29.409" classname="com.googledrive.tests.GoogleDriveTest"/>
</testsuite> <!-- com.googledrive.tests.GoogleDriveTest -->
