<?xml version="1.0" encoding="UTF-8"?>
<!-- Generated by org.testng.reporters.JUnitReportReporter -->
<testsuite skipped="0" hostname="CAPTAINVJ" name="com.sqldb.utilities.DBConnectionUtility" tests="1" failures="0" timestamp="27 Nov 2020 04:07:57 GMT" time="6.458" errors="0">
  <testcase name="TestDB" time="6.458" classname="com.sqldb.utilities.DBConnectionUtility"/>
</testsuite> <!-- com.sqldb.utilities.DBConnectionUtility -->
